This is pdfTeX, Version 3.14159265-2.6-1.40.20 (TeX Live 2019/Debian) (preloaded format=pdflatex 2021.10.19)  1 JUL 2022 08:04
entering extended mode
 restricted \write18 enabled.
 %&-line parsing enabled.
**weiner_BE_22_lecture_14_origin_of_life.rmd
(./weiner_BE_22_lecture_14_origin_of_life.rmd
LaTeX2e <2020-02-02> patch level 2
L3 programming layer <2020-02-14>

! LaTeX Error: Missing \begin{document}.

See the LaTeX manual or LaTeX Companion for explanation.
Type  H <return>  for immediate help.
 ...                                              
                                                  
l.1 -
     --
? eukaryoa
 
Here is how much of TeX's memory you used:
 18 strings out of 483100
 650 string characters out of 5963215
 231932 words of memory out of 5000000
 15150 multiletter control sequences out of 15000+600000
 532338 words of font info for 24 fonts, out of 8000000 for 9000
 34 hyphenation exceptions out of 8191
 12i,0n,15p,77b,14s stack positions out of 5000i,500n,10000p,200000b,80000s
No pages of output.
PDF statistics:
 0 PDF objects out of 1000 (max. 8388607)
 0 named destinations out of 1000 (max. 500000)
 1 words of extra memory for PDF output out of 10000 (max. 10000000)

